
Showing logs for build [32mmeta-cb-kubecd-environment-pr-1-2dnkr-8[0m stage [32mmeta-pipeline[0m and container [32mstep-credential-initializer-h2hsk[0m
{"level":"warn","ts":1586635063.4634054,"logger":"fallback-logger","caller":"logging/config.go:69","msg":"Fetch GitHub commit ID from kodata failed: \"ref: refs/heads/0.8.0-**-support-backwards-incompats\" is not a valid GitHub commit ID"}
{"level":"info","ts":1586635063.4638913,"logger":"fallback-logger","caller":"creds-init/main.go:40","msg":"Credentials initialized."}

Showing logs for build [32mmeta-cb-kubecd-environment-pr-1-2dnkr-8[0m stage [32mmeta-pipeline[0m and container [32mstep-working-dir-initializer-w4crd[0m
{"level":"warn","ts":1586635064.9404972,"logger":"fallback-logger","caller":"logging/config.go:69","msg":"Fetch GitHub commit ID from kodata failed: open /var/run/ko/HEAD: no such file or directory"}
{"level":"info","ts":1586635064.943782,"logger":"fallback-logger","caller":"bash/main.go:64","msg":"Successfully executed command \"sh -c mkdir -p /workspace/source\"; output "}

Showing logs for build [32mmeta-cb-kubecd-environment-pr-1-2dnkr-8[0m stage [32mmeta-pipeline[0m and container [32mstep-place-tools[0m

Showing logs for build [32mmeta-cb-kubecd-environment-pr-1-2dnkr-8[0m stage [32mmeta-pipeline[0m and container [32mstep-git-source-meta-cb-kubecd-environment-pr-1-2dnkr-mxrwf[0m
{"level":"warn","ts":1586635071.2116065,"logger":"fallback-logger","caller":"logging/config.go:69","msg":"Fetch GitHub commit ID from kodata failed: \"ref: refs/heads/0.8.0-**-support-backwards-incompats\" is not a valid GitHub commit ID"}
{"level":"info","ts":1586635072.2615457,"logger":"fallback-logger","caller":"git/git.go:103","msg":"Successfully cloned https://github.com/cb-kubecd/environment-pr-199-53-boot-gke-staging.git @ 4a5f839e3f901e5bda42bcdba43cb0a5e762d120 in path /workspace/source"}

Showing logs for build [32mmeta-cb-kubecd-environment-pr-1-2dnkr-8[0m stage [32mmeta-pipeline[0m and container [32mstep-git-merge[0m
Using SHAs from PULL_REFS=master:4a5f839e3f901e5bda42bcdba43cb0a5e762d120
WARNING: no SHAs to merge, falling back to initial cloned commit

Showing logs for build [32mmeta-cb-kubecd-environment-pr-1-2dnkr-8[0m stage [32mmeta-pipeline[0m and container [32mstep-merge-pull-refs[0m
SKIP merge-pull-refs: Nothing to merge

Showing logs for build [32mmeta-cb-kubecd-environment-pr-1-2dnkr-8[0m stage [32mmeta-pipeline[0m and container [32mstep-create-effective-pipeline[0m
selected pack: /builder/home/.**/draft/packs/github.com/jenkins-x-buildpacks/jenkins-x-kubernetes/packs/environment
Effective pipeline written to jenkins-x-promotion-effective.yml

Showing logs for build [32mmeta-cb-kubecd-environment-pr-1-2dnkr-8[0m stage [32mmeta-pipeline[0m and container [32mstep-create-tekton-crds[0m
running command: ** step next-version --use-git-tag-only --tag
created new version: 0.0.8 and written to file: ./VERSION
error: Have you set up a git credential helper? See https://help.github.com/articles/caching-your-github-password-in-git/
: git output: To https://github.com/cb-kubecd/environment-pr-199-53-boot-gke-staging.git
 ! [remote rejected] v0.0.8 -> v0.0.8 (cannot lock ref 'refs/tags/v0.0.8': reference already exists)
error: failed to push some refs to 'https://github.com/cb-kubecd/environment-pr-199-53-boot-gke-staging.git': failed to run 'git push origin v0.0.8' command in directory '', output: 'To https://github.com/cb-kubecd/environment-pr-199-53-boot-gke-staging.git
 ! [remote rejected] v0.0.8 -> v0.0.8 (cannot lock ref 'refs/tags/v0.0.8': reference already exists)
error: failed to push some refs to 'https://github.com/cb-kubecd/environment-pr-199-53-boot-gke-staging.git''
error: failed to set the version on release pipelines: failed to run '/bin/sh -c ** step next-version --use-git-tag-only --tag' command in directory '/workspace/source', output: ''
[31m
Pipeline failed on stage 'meta-pipeline' : container 'step-create-tekton-crds'. The execution of the pipeline has stopped.[0m
