
Showing logs for build [32mcb-kubecd-environment-pr-199-53-ktw8g-1[0m stage [32mfrom-build-pack[0m and container [32mstep-credential-initializer-79qbm[0m
{"level":"warn","ts":1586632318.9250271,"logger":"fallback-logger","caller":"logging/config.go:69","msg":"Fetch GitHub commit ID from kodata failed: \"ref: refs/heads/0.8.0-**-support-backwards-incompats\" is not a valid GitHub commit ID"}
{"level":"info","ts":1586632318.926171,"logger":"fallback-logger","caller":"creds-init/main.go:40","msg":"Credentials initialized."}

Showing logs for build [32mcb-kubecd-environment-pr-199-53-ktw8g-1[0m stage [32mfrom-build-pack[0m and container [32mstep-working-dir-initializer-nmbvs[0m
{"level":"warn","ts":1586632319.9507346,"logger":"fallback-logger","caller":"logging/config.go:69","msg":"Fetch GitHub commit ID from kodata failed: open /var/run/ko/HEAD: no such file or directory"}
{"level":"info","ts":1586632319.9523766,"logger":"fallback-logger","caller":"bash/main.go:64","msg":"Successfully executed command \"sh -c mkdir -p /workspace/source\"; output "}

Showing logs for build [32mcb-kubecd-environment-pr-199-53-ktw8g-1[0m stage [32mfrom-build-pack[0m and container [32mstep-place-tools[0m

Showing logs for build [32mcb-kubecd-environment-pr-199-53-ktw8g-1[0m stage [32mfrom-build-pack[0m and container [32mstep-git-source-cb-kubecd-environment-pr-199-53-ktw8g-k5df5[0m
{"level":"warn","ts":1586632325.137526,"logger":"fallback-logger","caller":"logging/config.go:69","msg":"Fetch GitHub commit ID from kodata failed: \"ref: refs/heads/0.8.0-**-support-backwards-incompats\" is not a valid GitHub commit ID"}
{"level":"info","ts":1586632326.2458284,"logger":"fallback-logger","caller":"git/git.go:103","msg":"Successfully cloned https://github.com/cb-kubecd/environment-pr-199-53-boot-gke-staging.git @ master in path /workspace/source"}

Showing logs for build [32mcb-kubecd-environment-pr-199-53-ktw8g-1[0m stage [32mfrom-build-pack[0m and container [32mstep-git-merge[0m
Using SHAs from PULL_REFS=master:50b4e171b551efeea9b9d376ab83c8fa5fb63bcf,4:d82552e8f0e5f72e82d604ee08bc7f57b4a6d41b
DEBUG: LC_ALL=C JX_LOG_LEVEL=error git fetch origin --unshallow d82552e8f0e5f72e82d604ee08bc7f57b4a6d41b: 50b4e171b551efeea9b9d376ab83c8fa5fb63bcf:
DEBUG: ran git fetch --unshallow origin d82552e8f0e5f72e82d604ee08bc7f57b4a6d41b: 50b4e171b551efeea9b9d376ab83c8fa5fb63bcf: in 
DEBUG: LC_ALL=C JX_LOG_LEVEL=error git branch
DEBUG: LC_ALL=C JX_LOG_LEVEL=error git checkout master
DEBUG: ran git checkout master in 
DEBUG: LC_ALL=C JX_LOG_LEVEL=error git reset --hard 50b4e171b551efeea9b9d376ab83c8fa5fb63bcf
DEBUG: ran git reset --hard 50b4e171b551efeea9b9d376ab83c8fa5fb63bcf in 
DEBUG: LC_ALL=C JX_LOG_LEVEL=error git clean -fd .
DEBUG: ran clean --force -d . in 
DEBUG: LC_ALL=C JX_LOG_LEVEL=error git merge d82552e8f0e5f72e82d604ee08bc7f57b4a6d41b
DEBUG: ran git merge d82552e8f0e5f72e82d604ee08bc7f57b4a6d41b in 
DEBUG: LC_ALL=C JX_LOG_LEVEL=error git log --format=%H%x1f%an%x1f%ae%x1f%cn%x1f%ce%x1f%s%n%b%x1e 50b4e171b551efeea9b9d376ab83c8fa5fb63bcf..HEAD
Merged SHA d82552e8f0e5f72e82d604ee08bc7f57b4a6d41b with commit message 'chore: Promote bdd-sbhg-1586630718 to version 0.0.1' into base branch master

Showing logs for build [32mcb-kubecd-environment-pr-199-53-ktw8g-1[0m stage [32mfrom-build-pack[0m and container [32mstep-build-helm-build[0m
WARNING: No $CHART_REPOSITORY defined so using the default value of: http://jenkins-x-chartmuseum:8080
Adding missing Helm repo: storage.googleapis.com https://storage.googleapis.com/chartmuseum.jenkins-x.io
WARNING: No secrets found on "helm/repos" due: reading the secret "helm/repos" from vault: no secret "helm/repos" not found in vault
Read credentials for https://storage.googleapis.com/chartmuseum.jenkins-x.io from vault helm/repos
Successfully added Helm repository storage.googleapis.com.
Adding missing Helm repo: jenkins-x-chartmuseum http://jenkins-x-chartmuseum:8080
WARNING: No secrets found on "helm/repos" due: reading the secret "helm/repos" from vault: no secret "helm/repos" not found in vault
Read credentials for http://jenkins-x-chartmuseum:8080 from vault helm/repos
Successfully added Helm repository jenkins-x-chartmuseum.
WARNING: No $CHART_REPOSITORY defined so using the default value of: http://jenkins-x-chartmuseum:8080
Adding missing Helm repo: chartmuseum.jenkins-x.io http://chartmuseum.jenkins-x.io
WARNING: No secrets found on "helm/repos" due: reading the secret "helm/repos" from vault: no secret "helm/repos" not found in vault
Read credentials for http://chartmuseum.jenkins-x.io from vault helm/repos
Successfully added Helm repository chartmuseum.jenkins-x.io.
