
Showing logs for build [32mcb-kubecd-environment-pr-199-53-4qbfz-1[0m stage [32mfrom-build-pack[0m and container [32mstep-credential-initializer-nmm8z[0m
{"level":"warn","ts":1586633226.6309705,"logger":"fallback-logger","caller":"logging/config.go:69","msg":"Fetch GitHub commit ID from kodata failed: \"ref: refs/heads/0.8.0-**-support-backwards-incompats\" is not a valid GitHub commit ID"}
{"level":"info","ts":1586633226.6317625,"logger":"fallback-logger","caller":"creds-init/main.go:40","msg":"Credentials initialized."}

Showing logs for build [32mcb-kubecd-environment-pr-199-53-4qbfz-1[0m stage [32mfrom-build-pack[0m and container [32mstep-working-dir-initializer-sxvfh[0m
{"level":"warn","ts":1586633227.3000941,"logger":"fallback-logger","caller":"logging/config.go:69","msg":"Fetch GitHub commit ID from kodata failed: open /var/run/ko/HEAD: no such file or directory"}
{"level":"info","ts":1586633227.3020957,"logger":"fallback-logger","caller":"bash/main.go:64","msg":"Successfully executed command \"sh -c mkdir -p /workspace/source\"; output "}

Showing logs for build [32mcb-kubecd-environment-pr-199-53-4qbfz-1[0m stage [32mfrom-build-pack[0m and container [32mstep-place-tools[0m

Showing logs for build [32mcb-kubecd-environment-pr-199-53-4qbfz-1[0m stage [32mfrom-build-pack[0m and container [32mstep-git-source-cb-kubecd-environment-pr-199-53-4qbfz-wkc8k[0m
{"level":"warn","ts":1586633232.5590005,"logger":"fallback-logger","caller":"logging/config.go:69","msg":"Fetch GitHub commit ID from kodata failed: \"ref: refs/heads/0.8.0-**-support-backwards-incompats\" is not a valid GitHub commit ID"}
{"level":"info","ts":1586633233.5704484,"logger":"fallback-logger","caller":"git/git.go:103","msg":"Successfully cloned https://github.com/cb-kubecd/environment-pr-199-53-boot-gke-staging.git @ master in path /workspace/source"}

Showing logs for build [32mcb-kubecd-environment-pr-199-53-4qbfz-1[0m stage [32mfrom-build-pack[0m and container [32mstep-git-merge[0m
Using SHAs from PULL_REFS=master:5fcba0a6641203791d8db677dc9965125a5a65b5,5:8538e39eabfda4e1f23dd2ab6b51047eb2f4db71
DEBUG: LC_ALL=C JX_LOG_LEVEL=error git fetch origin --unshallow 8538e39eabfda4e1f23dd2ab6b51047eb2f4db71: 5fcba0a6641203791d8db677dc9965125a5a65b5:
DEBUG: ran git fetch --unshallow origin 8538e39eabfda4e1f23dd2ab6b51047eb2f4db71: 5fcba0a6641203791d8db677dc9965125a5a65b5: in 
DEBUG: LC_ALL=C JX_LOG_LEVEL=error git branch
DEBUG: LC_ALL=C JX_LOG_LEVEL=error git checkout master
DEBUG: ran git checkout master in 
DEBUG: LC_ALL=C JX_LOG_LEVEL=error git reset --hard 5fcba0a6641203791d8db677dc9965125a5a65b5
DEBUG: ran git reset --hard 5fcba0a6641203791d8db677dc9965125a5a65b5 in 
DEBUG: LC_ALL=C JX_LOG_LEVEL=error git clean -fd .
DEBUG: ran clean --force -d . in 
DEBUG: LC_ALL=C JX_LOG_LEVEL=error git merge 8538e39eabfda4e1f23dd2ab6b51047eb2f4db71
DEBUG: ran git merge 8538e39eabfda4e1f23dd2ab6b51047eb2f4db71 in 
DEBUG: LC_ALL=C JX_LOG_LEVEL=error git log --format=%H%x1f%an%x1f%ae%x1f%cn%x1f%ce%x1f%s%n%b%x1e 5fcba0a6641203791d8db677dc9965125a5a65b5..HEAD
Merged SHA 8538e39eabfda4e1f23dd2ab6b51047eb2f4db71 with commit message 'chore: Promote bdd-sbhg-import-1586632997 to version 0.0.1' into base branch master

Showing logs for build [32mcb-kubecd-environment-pr-199-53-4qbfz-1[0m stage [32mfrom-build-pack[0m and container [32mstep-build-helm-build[0m
WARNING: No $CHART_REPOSITORY defined so using the default value of: http://jenkins-x-chartmuseum:8080
Adding missing Helm repo: storage.googleapis.com https://storage.googleapis.com/chartmuseum.jenkins-x.io
WARNING: No secrets found on "helm/repos" due: reading the secret "helm/repos" from vault: no secret "helm/repos" not found in vault
Read credentials for https://storage.googleapis.com/chartmuseum.jenkins-x.io from vault helm/repos
Successfully added Helm repository storage.googleapis.com.
Adding missing Helm repo: jenkins-x-chartmuseum http://jenkins-x-chartmuseum:8080
WARNING: No secrets found on "helm/repos" due: reading the secret "helm/repos" from vault: no secret "helm/repos" not found in vault
Read credentials for http://jenkins-x-chartmuseum:8080 from vault helm/repos
Successfully added Helm repository jenkins-x-chartmuseum.
WARNING: No $CHART_REPOSITORY defined so using the default value of: http://jenkins-x-chartmuseum:8080
Adding missing Helm repo: chartmuseum.jenkins-x.io http://chartmuseum.jenkins-x.io
WARNING: No secrets found on "helm/repos" due: reading the secret "helm/repos" from vault: no secret "helm/repos" not found in vault
Read credentials for http://chartmuseum.jenkins-x.io from vault helm/repos
Successfully added Helm repository chartmuseum.jenkins-x.io.
